Determining if the pthread_create exist failed with the following output:
Change Dir: /home/testbed/Desktop/mesh_networks/cs135-f14/project2/wanderer/build/CMakeFiles/CMakeTmp

Run Build Command:"/usr/bin/make" "cmTC_1cc9c/fast"
make[2]: Entering directory '/home/testbed/Desktop/mesh_networks/cs135-f14/project2/wanderer/build/CMakeFiles/CMakeTmp'
/usr/bin/make -f CMakeFiles/cmTC_1cc9c.dir/build.make CMakeFiles/cmTC_1cc9c.dir/build
make[3]: Entering directory '/home/testbed/Desktop/mesh_networks/cs135-f14/project2/wanderer/build/CMakeFiles/CMakeTmp'
Building C object CMakeFiles/cmTC_1cc9c.dir/CheckSymbolExists.c.o
/usr/bin/cc     -o CMakeFiles/cmTC_1cc9c.dir/CheckSymbolExists.c.o   -c /home/testbed/Desktop/mesh_networks/cs135-f14/project2/wanderer/build/CMakeFiles/CMakeTmp/CheckSymbolExists.c
Linking C executable cmTC_1cc9c
/usr/bin/cmake -E cmake_link_script CMakeFiles/cmTC_1cc9c.dir/link.txt --verbose=1
/usr/bin/cc       CMakeFiles/cmTC_1cc9c.dir/CheckSymbolExists.c.o  -o cmTC_1cc9c -rdynamic 
CMakeFiles/cmTC_1cc9c.dir/CheckSymbolExists.c.o: In function `main':
CheckSymbolExists.c:(.text+0x16): undefined reference to `pthread_create'
collect2: error: ld returned 1 exit status
CMakeFiles/cmTC_1cc9c.dir/build.make:97: recipe for target 'cmTC_1cc9c' failed
make[3]: *** [cmTC_1cc9c] Error 1
make[3]: Leaving directory '/home/testbed/Desktop/mesh_networks/cs135-f14/project2/wanderer/build/CMakeFiles/CMakeTmp'
Makefile:126: recipe for target 'cmTC_1cc9c/fast' failed
make[2]: *** [cmTC_1cc9c/fast] Error 2
make[2]: Leaving directory '/home/testbed/Desktop/mesh_networks/cs135-f14/project2/wanderer/build/CMakeFiles/CMakeTmp'

File /home/testbed/Desktop/mesh_networks/cs135-f14/project2/wanderer/build/CMakeFiles/CMakeTmp/CheckSymbolExists.c:
/* */
#include <pthread.h>

int main(int argc, char** argv)
{
  (void)argv;
#ifndef pthread_create
  return ((int*)(&pthread_create))[argc];
#else
  (void)argc;
  return 0;
#endif
}

Determining if the function pthread_create exists in the pthreads failed with the following output:
Change Dir: /home/testbed/Desktop/mesh_networks/cs135-f14/project2/wanderer/build/CMakeFiles/CMakeTmp

Run Build Command:"/usr/bin/make" "cmTC_b16cb/fast"
make[2]: Entering directory '/home/testbed/Desktop/mesh_networks/cs135-f14/project2/wanderer/build/CMakeFiles/CMakeTmp'
/usr/bin/make -f CMakeFiles/cmTC_b16cb.dir/build.make CMakeFiles/cmTC_b16cb.dir/build
make[3]: Entering directory '/home/testbed/Desktop/mesh_networks/cs135-f14/project2/wanderer/build/CMakeFiles/CMakeTmp'
Building C object CMakeFiles/cmTC_b16cb.dir/CheckFunctionExists.c.o
/usr/bin/cc    -DCHECK_FUNCTION_EXISTS=pthread_create   -o CMakeFiles/cmTC_b16cb.dir/CheckFunctionExists.c.o   -c /usr/share/cmake-3.5/Modules/CheckFunctionExists.c
Linking C executable cmTC_b16cb
/usr/bin/cmake -E cmake_link_script CMakeFiles/cmTC_b16cb.dir/link.txt --verbose=1
/usr/bin/cc   -DCHECK_FUNCTION_EXISTS=pthread_create    CMakeFiles/cmTC_b16cb.dir/CheckFunctionExists.c.o  -o cmTC_b16cb -rdynamic -lpthreads 
/usr/bin/ld: cannot find -lpthreads
collect2: error: ld returned 1 exit status
CMakeFiles/cmTC_b16cb.dir/build.make:97: recipe for target 'cmTC_b16cb' failed
make[3]: *** [cmTC_b16cb] Error 1
make[3]: Leaving directory '/home/testbed/Desktop/mesh_networks/cs135-f14/project2/wanderer/build/CMakeFiles/CMakeTmp'
Makefile:126: recipe for target 'cmTC_b16cb/fast' failed
make[2]: *** [cmTC_b16cb/fast] Error 2
make[2]: Leaving directory '/home/testbed/Desktop/mesh_networks/cs135-f14/project2/wanderer/build/CMakeFiles/CMakeTmp'


